$ npm ci --ignore-scripts --no-audit --no-fund


exit=0
$ npm run build --silent


exit=0
$ npm run typecheck --silent


exit=0
$ npm run lint --silent
lint: ok


exit=0
$ npm test --silent


exit=0
$ npm run sample-artifacts --silent
sample-artifacts: ok -> /home/tryinget/ai-society/softwareco/owned/ts-quality/examples/artifacts/governed-app


exit=0
$ npm run sample-artifacts --silent
sample-artifacts: ok -> /home/tryinget/ai-society/softwareco/owned/ts-quality/examples/artifacts/governed-app


exit=0
$ npm run smoke --silent
smoke: ok


exit=0
$ npm run smoke:packaging --silent
{
  "packageName": "ts-quality",
  "version": "0.1.0",
  "stageDir": ".ts-quality/npm/ts-quality/package",
  "tarball": ".ts-quality/npm/ts-quality/tarballs/ts-quality-0.1.0.tgz",
  "entrypoints": {
    "main": "dist/packages/ts-quality/src/index.js",
    "types": "dist/packages/ts-quality/src/index.d.ts",
    "bin": "dist/packages/ts-quality/src/cli.js",
    "exportDefault": "./dist/packages/ts-quality/src/index.js",
    "exportTypes": "./dist/packages/ts-quality/src/index.d.ts"
  },
  "manifest": {
    "name": "ts-quality",
    "version": "0.1.0",
    "description": "Deterministic trust for TypeScript changes in agent-built systems: mutation testing, invariants, governance, and attestable authorization.",
    "license": "MIT",
    "repository": {
      "type": "git",
      "url": "git+https://github.com/tryingET/ts-quality.git"
    },
    "homepage": "https://github.com/tryingET/ts-quality#readme",
    "bugs": {
      "url": "https://github.com/tryingET/ts-quality/issues"
    },
    "keywords": [
      "typescript",
      "code-quality",
      "mutation-testing",
      "static-analysis",
      "ai-agents",
      "agentic-systems",
      "governance",
      "attestation",
      "developer-tools"
    ],
    "dependencies": {
      "typescript": "^5.8.3"
    },
    "engines": {
      "node": ">=20"
    },
    "main": "dist/packages/ts-quality/src/index.js",
    "types": "dist/packages/ts-quality/src/index.d.ts",
    "exports": {
      ".": {
        "types": "./dist/packages/ts-quality/src/index.d.ts",
        "default": "./dist/packages/ts-quality/src/index.js"
      },
      "./package.json": "./package.json"
    },
    "bin": {
      "ts-quality": "dist/packages/ts-quality/src/cli.js"
    },
    "files": [
      "dist/**/*",
      "README.md",
      "LICENSE"
    ],
    "publishConfig": {
      "access": "public"
    }
  },
  "topLevelEntries": [
    "dist",
    "LICENSE",
    "package.json",
    "README.md"
  ],
  "directories": [
    "dist",
    "dist/packages",
    "dist/packages/crap4ts",
    "dist/packages/crap4ts/src",
    "dist/packages/evidence-model",
    "dist/packages/evidence-model/src",
    "dist/packages/governance",
    "dist/packages/governance/src",
    "dist/packages/invariants",
    "dist/packages/invariants/src",
    "dist/packages/legitimacy",
    "dist/packages/legitimacy/src",
    "dist/packages/policy-engine",
    "dist/packages/policy-engine/src",
    "dist/packages/ts-mutate",
    "dist/packages/ts-mutate/src",
    "dist/packages/ts-quality",
    "dist/packages/ts-quality/src"
  ],
  "stagedFiles": [
    "dist/packages/crap4ts/src/cli.d.ts",
    "dist/packages/crap4ts/src/cli.js",
    "dist/packages/crap4ts/src/cli.js.map",
    "dist/packages/crap4ts/src/index.d.ts",
    "dist/packages/crap4ts/src/index.js",
    "dist/packages/crap4ts/src/index.js.map",
    "dist/packages/evidence-model/src/index.d.ts",
    "dist/packages/evidence-model/src/index.js",
    "dist/packages/evidence-model/src/index.js.map",
    "dist/packages/governance/src/index.d.ts",
    "dist/packages/governance/src/index.js",
    "dist/packages/governance/src/index.js.map",
    "dist/packages/invariants/src/index.d.ts",
    "dist/packages/invariants/src/index.js",
    "dist/packages/invariants/src/index.js.map",
    "dist/packages/legitimacy/src/index.d.ts",
    "dist/packages/legitimacy/src/index.js",
    "dist/packages/legitimacy/src/index.js.map",
    "dist/packages/policy-engine/src/index.d.ts",
    "dist/packages/policy-engine/src/index.js",
    "dist/packages/policy-engine/src/index.js.map",
    "dist/packages/ts-mutate/src/cli.d.ts",
    "dist/packages/ts-mutate/src/cli.js",
    "dist/packages/ts-mutate/src/cli.js.map",
    "dist/packages/ts-mutate/src/index.d.ts",
    "dist/packages/ts-mutate/src/index.js",
    "dist/packages/ts-mutate/src/index.js.map",
    "dist/packages/ts-quality/src/cli.d.ts",
    "dist/packages/ts-quality/src/cli.js",
    "dist/packages/ts-quality/src/cli.js.map",
    "dist/packages/ts-quality/src/config.d.ts",
    "dist/packages/ts-quality/src/config.js",
    "dist/packages/ts-quality/src/config.js.map",
    "dist/packages/ts-quality/src/index.d.ts",
    "dist/packages/ts-quality/src/index.js",
    "dist/packages/ts-quality/src/index.js.map",
    "LICENSE",
    "package.json",
    "README.md"
  ],
  "tarballFiles": [
    "package/dist/packages/crap4ts/src/cli.d.ts",
    "package/dist/packages/crap4ts/src/cli.js",
    "package/dist/packages/crap4ts/src/cli.js.map",
    "package/dist/packages/crap4ts/src/index.d.ts",
    "package/dist/packages/crap4ts/src/index.js",
    "package/dist/packages/crap4ts/src/index.js.map",
    "package/dist/packages/evidence-model/src/index.d.ts",
    "package/dist/packages/evidence-model/src/index.js",
    "package/dist/packages/evidence-model/src/index.js.map",
    "package/dist/packages/governance/src/index.d.ts",
    "package/dist/packages/governance/src/index.js",
    "package/dist/packages/governance/src/index.js.map",
    "package/dist/packages/invariants/src/index.d.ts",
    "package/dist/packages/invariants/src/index.js",
    "package/dist/packages/invariants/src/index.js.map",
    "package/dist/packages/legitimacy/src/index.d.ts",
    "package/dist/packages/legitimacy/src/index.js",
    "package/dist/packages/legitimacy/src/index.js.map",
    "package/dist/packages/policy-engine/src/index.d.ts",
    "package/dist/packages/policy-engine/src/index.js",
    "package/dist/packages/policy-engine/src/index.js.map",
    "package/dist/packages/ts-mutate/src/cli.d.ts",
    "package/dist/packages/ts-mutate/src/cli.js",
    "package/dist/packages/ts-mutate/src/cli.js.map",
    "package/dist/packages/ts-mutate/src/index.d.ts",
    "package/dist/packages/ts-mutate/src/index.js",
    "package/dist/packages/ts-mutate/src/index.js.map",
    "package/dist/packages/ts-quality/src/cli.d.ts",
    "package/dist/packages/ts-quality/src/cli.js",
    "package/dist/packages/ts-quality/src/cli.js.map",
    "package/dist/packages/ts-quality/src/config.d.ts",
    "package/dist/packages/ts-quality/src/config.js",
    "package/dist/packages/ts-quality/src/config.js.map",
    "package/dist/packages/ts-quality/src/index.d.ts",
    "package/dist/packages/ts-quality/src/index.js",
    "package/dist/packages/ts-quality/src/index.js.map",
    "package/LICENSE",
    "package/package.json",
    "package/README.md"
  ],
  "cli": {
    "helpIncludes": "ts-quality commands:",
    "initCreated": [
      "ts-quality.config.ts",
      ".ts-quality/invariants.ts",
      ".ts-quality/constitution.ts",
      ".ts-quality/agents.ts",
      ".ts-quality/approvals.json",
      ".ts-quality/waivers.json",
      ".ts-quality/overrides.json",
      ".ts-quality/keys/sample.pem",
      ".ts-quality/keys/sample.pub.pem"
    ],
    "materializedConfig": ".ts-quality/materialized/ts-quality.config.json"
  },
  "api": {
    "exportTypes": {
      "initProject": "function",
      "materializeProject": "function"
    },
    "materializeConfig": ".ts-quality/materialized/ts-quality.config.json",
    "materializeOutDir": ".ts-quality/materialized",
    "materializedFiles": [
      ".ts-quality/materialized/invariants.json",
      ".ts-quality/materialized/constitution.json",
      ".ts-quality/materialized/agents.json",
      ".ts-quality/materialized/approvals.json",
      ".ts-quality/materialized/waivers.json",
      ".ts-quality/materialized/overrides.json",
      ".ts-quality/materialized/ts-quality.config.json"
    ]
  },
  "typesCheck": {
    "compiler": "tsc",
    "passed": true,
    "importStatement": "import { initProject, materializeProject } from 'ts-quality';"
  }
}


exit=0